<?xml version="1.0" encoding="UTF-8"?>
<!-- Generated by org.testng.reporters.JUnitXMLReporter -->
<testsuite ignored="0" hostname="DESKTOP-6T1R2HF" failures="0" tests="7" name="Test" time="163.437" errors="0" timestamp="2021-10-03T16:05:27 IST">
  <testcase classname="Test_Runner.Runner_Class" name="login" time="29.362"/>
  <testcase classname="Test_Runner.Runner_Class" name="login" time="19.591"/>
  <testcase classname="Test_Runner.Runner_Class" name="login" time="21.362"/>
  <testcase classname="Test_Runner.Runner_Class" name="login" time="18.753"/>
  <testcase classname="Test_Runner.Runner_Class" name="login" time="14.698"/>
  <testcase classname="Test_Runner.Runner_Class" name="login" time="15.327"/>
  <testcase classname="Test_Runner.Runner_Class" name="login" time="17.433"/>
</testsuite> <!-- Test -->
