<?xml version="1.0" encoding="UTF-8"?>
<testng-results ignored="0" total="7" passed="7" failed="0" skipped="0">
  <reporter-output>
  </reporter-output>
  <suite started-at="2021-10-03T16:02:43 IST" name="Suite" finished-at="2021-10-03T16:05:26 IST" duration-ms="163437">
    <groups>
    </groups>
    <test started-at="2021-10-03T16:02:43 IST" name="Test" finished-at="2021-10-03T16:05:26 IST" duration-ms="163437">
      <class name="Test_Runner.Runner_Class">
        <test-method is-config="true" signature="getsetup(java.lang.String)[pri:0, instance:Test_Runner.Runner_Class@3911c2a7]" started-at="2021-10-03T16:02:47 IST" name="getsetup" finished-at="2021-10-03T16:02:51 IST" duration-ms="4752" status="PASS">
          <params>
            <param index="0">
              <value>
                <![CDATA[chrome]]>
              </value>
            </param>
          </params>
          <reporter-output>
          </reporter-output>
        </test-method> <!-- getsetup -->
        <test-method signature="login(java.lang.String,java.lang.String)[pri:0, instance:Test_Runner.Runner_Class@3911c2a7]" started-at="2021-10-03T16:02:51 IST" name="login" data-provider="Login" finished-at="2021-10-03T16:03:21 IST" duration-ms="29362" status="PASS">
          <params>
            <param index="0">
              <value>
                <![CDATA[mani25101993@gmail.com]]>
              </value>
            </param>
            <param index="1">
              <value>
                <![CDATA[bcjwh22e]]>
              </value>
            </param>
          </params>
          <reporter-output>
          </reporter-output>
        </test-method> <!-- login -->
        <test-method is-config="true" signature="close()[pri:0, instance:Test_Runner.Runner_Class@3911c2a7]" started-at="2021-10-03T16:03:21 IST" name="close" finished-at="2021-10-03T16:03:22 IST" duration-ms="749" status="PASS">
          <reporter-output>
          </reporter-output>
        </test-method> <!-- close -->
        <test-method is-config="true" signature="getsetup(java.lang.String)[pri:0, instance:Test_Runner.Runner_Class@3911c2a7]" started-at="2021-10-03T16:03:22 IST" name="getsetup" finished-at="2021-10-03T16:03:24 IST" duration-ms="2347" status="PASS">
          <params>
            <param index="0">
              <value>
                <![CDATA[chrome]]>
              </value>
            </param>
          </params>
          <reporter-output>
          </reporter-output>
        </test-method> <!-- getsetup -->
        <test-method signature="login(java.lang.String,java.lang.String)[pri:0, instance:Test_Runner.Runner_Class@3911c2a7]" started-at="2021-10-03T16:03:24 IST" name="login" data-provider="Login" finished-at="2021-10-03T16:03:43 IST" duration-ms="19591" status="PASS">
          <params>
            <param index="0">
              <value>
                <![CDATA[anbaruvi13@gmail.com]]>
              </value>
            </param>
            <param index="1">
              <value>
                <![CDATA[aruvi05@13]]>
              </value>
            </param>
          </params>
          <reporter-output>
          </reporter-output>
        </test-method> <!-- login -->
        <test-method is-config="true" signature="close()[pri:0, instance:Test_Runner.Runner_Class@3911c2a7]" started-at="2021-10-03T16:03:44 IST" name="close" finished-at="2021-10-03T16:03:44 IST" duration-ms="514" status="PASS">
          <reporter-output>
          </reporter-output>
        </test-method> <!-- close -->
        <test-method is-config="true" signature="getsetup(java.lang.String)[pri:0, instance:Test_Runner.Runner_Class@3911c2a7]" started-at="2021-10-03T16:03:44 IST" name="getsetup" finished-at="2021-10-03T16:03:46 IST" duration-ms="2408" status="PASS">
          <params>
            <param index="0">
              <value>
                <![CDATA[chrome]]>
              </value>
            </param>
          </params>
          <reporter-output>
          </reporter-output>
        </test-method> <!-- getsetup -->
        <test-method signature="login(java.lang.String,java.lang.String)[pri:0, instance:Test_Runner.Runner_Class@3911c2a7]" started-at="2021-10-03T16:03:46 IST" name="login" data-provider="Login" finished-at="2021-10-03T16:04:08 IST" duration-ms="21362" status="PASS">
          <params>
            <param index="0">
              <value>
                <![CDATA[gokulkumar123@gmail.com]]>
              </value>
            </param>
            <param index="1">
              <value>
                <![CDATA[gokul@12345]]>
              </value>
            </param>
          </params>
          <reporter-output>
          </reporter-output>
        </test-method> <!-- login -->
        <test-method is-config="true" signature="close()[pri:0, instance:Test_Runner.Runner_Class@3911c2a7]" started-at="2021-10-03T16:04:08 IST" name="close" finished-at="2021-10-03T16:04:08 IST" duration-ms="629" status="PASS">
          <reporter-output>
          </reporter-output>
        </test-method> <!-- close -->
        <test-method is-config="true" signature="getsetup(java.lang.String)[pri:0, instance:Test_Runner.Runner_Class@3911c2a7]" started-at="2021-10-03T16:04:08 IST" name="getsetup" finished-at="2021-10-03T16:04:10 IST" duration-ms="1935" status="PASS">
          <params>
            <param index="0">
              <value>
                <![CDATA[chrome]]>
              </value>
            </param>
          </params>
          <reporter-output>
          </reporter-output>
        </test-method> <!-- getsetup -->
        <test-method signature="login(java.lang.String,java.lang.String)[pri:0, instance:Test_Runner.Runner_Class@3911c2a7]" started-at="2021-10-03T16:04:10 IST" name="login" data-provider="Login" finished-at="2021-10-03T16:04:29 IST" duration-ms="18753" status="PASS">
          <params>
            <param index="0">
              <value>
                <![CDATA[vigneshselvam106@gmail.com]]>
              </value>
            </param>
            <param index="1">
              <value>
                <![CDATA[vickyrox@59]]>
              </value>
            </param>
          </params>
          <reporter-output>
          </reporter-output>
        </test-method> <!-- login -->
        <test-method is-config="true" signature="close()[pri:0, instance:Test_Runner.Runner_Class@3911c2a7]" started-at="2021-10-03T16:04:29 IST" name="close" finished-at="2021-10-03T16:04:30 IST" duration-ms="571" status="PASS">
          <reporter-output>
          </reporter-output>
        </test-method> <!-- close -->
        <test-method is-config="true" signature="getsetup(java.lang.String)[pri:0, instance:Test_Runner.Runner_Class@3911c2a7]" started-at="2021-10-03T16:04:30 IST" name="getsetup" finished-at="2021-10-03T16:04:32 IST" duration-ms="2305" status="PASS">
          <params>
            <param index="0">
              <value>
                <![CDATA[chrome]]>
              </value>
            </param>
          </params>
          <reporter-output>
          </reporter-output>
        </test-method> <!-- getsetup -->
        <test-method signature="login(java.lang.String,java.lang.String)[pri:0, instance:Test_Runner.Runner_Class@3911c2a7]" started-at="2021-10-03T16:04:32 IST" name="login" data-provider="Login" finished-at="2021-10-03T16:04:47 IST" duration-ms="14698" status="PASS">
          <params>
            <param index="0">
              <value>
                <![CDATA[rajkamal@gmail.com]]>
              </value>
            </param>
            <param index="1">
              <value>
                <![CDATA[rajkamal@2564]]>
              </value>
            </param>
          </params>
          <reporter-output>
          </reporter-output>
        </test-method> <!-- login -->
        <test-method is-config="true" signature="close()[pri:0, instance:Test_Runner.Runner_Class@3911c2a7]" started-at="2021-10-03T16:04:47 IST" name="close" finished-at="2021-10-03T16:04:47 IST" duration-ms="746" status="PASS">
          <reporter-output>
          </reporter-output>
        </test-method> <!-- close -->
        <test-method is-config="true" signature="getsetup(java.lang.String)[pri:0, instance:Test_Runner.Runner_Class@3911c2a7]" started-at="2021-10-03T16:04:47 IST" name="getsetup" finished-at="2021-10-03T16:04:50 IST" duration-ms="2115" status="PASS">
          <params>
            <param index="0">
              <value>
                <![CDATA[chrome]]>
              </value>
            </param>
          </params>
          <reporter-output>
          </reporter-output>
        </test-method> <!-- getsetup -->
        <test-method signature="login(java.lang.String,java.lang.String)[pri:0, instance:Test_Runner.Runner_Class@3911c2a7]" started-at="2021-10-03T16:04:50 IST" name="login" data-provider="Login" finished-at="2021-10-03T16:05:05 IST" duration-ms="15327" status="PASS">
          <params>
            <param index="0">
              <value>
                <![CDATA[sabara@gmail.com]]>
              </value>
            </param>
            <param index="1">
              <value>
                <![CDATA[ragamae@635]]>
              </value>
            </param>
          </params>
          <reporter-output>
          </reporter-output>
        </test-method> <!-- login -->
        <test-method is-config="true" signature="close()[pri:0, instance:Test_Runner.Runner_Class@3911c2a7]" started-at="2021-10-03T16:05:05 IST" name="close" finished-at="2021-10-03T16:05:06 IST" duration-ms="703" status="PASS">
          <reporter-output>
          </reporter-output>
        </test-method> <!-- close -->
        <test-method is-config="true" signature="getsetup(java.lang.String)[pri:0, instance:Test_Runner.Runner_Class@3911c2a7]" started-at="2021-10-03T16:05:06 IST" name="getsetup" finished-at="2021-10-03T16:05:08 IST" duration-ms="2615" status="PASS">
          <params>
            <param index="0">
              <value>
                <![CDATA[chrome]]>
              </value>
            </param>
          </params>
          <reporter-output>
          </reporter-output>
        </test-method> <!-- getsetup -->
        <test-method signature="login(java.lang.String,java.lang.String)[pri:0, instance:Test_Runner.Runner_Class@3911c2a7]" started-at="2021-10-03T16:05:08 IST" name="login" data-provider="Login" finished-at="2021-10-03T16:05:26 IST" duration-ms="17433" status="PASS">
          <params>
            <param index="0">
              <value>
                <![CDATA[manimaran@gmail.com]]>
              </value>
            </param>
            <param index="1">
              <value>
                <![CDATA[marain@21]]>
              </value>
            </param>
          </params>
          <reporter-output>
          </reporter-output>
        </test-method> <!-- login -->
        <test-method is-config="true" signature="close()[pri:0, instance:Test_Runner.Runner_Class@3911c2a7]" started-at="2021-10-03T16:05:26 IST" name="close" finished-at="2021-10-03T16:05:26 IST" duration-ms="782" status="PASS">
          <reporter-output>
          </reporter-output>
        </test-method> <!-- close -->
      </class> <!-- Test_Runner.Runner_Class -->
    </test> <!-- Test -->
  </suite> <!-- Suite -->
</testng-results>
